Load "f:\\×ÀÃæ\\APM32F10x_SDK_V1.7\\Project\\MDK\\Objects\\GPIO_Toggle.axf" 
* JLink Info: Device "CORTEX-M3" selected.
Set JLink Project File to "f:\×ÀÃæ\APM32F10x_SDK_V1.7\Project\MDK\JLinkSettings.ini"* JLink Info: Device "CORTEX-M3" selected.

JLink info:
------------
DLL: V7.64c, compiled Apr 20 2022 16:08:48
Firmware: J-Link V9 compiled May  7 2021 16:26:12
Hardware: V9.40
S/N : 69409599 
Feature(s) : RDI, GDB, FlashDL, FlashBP, JFlash 

* JLink Info: TotalIRLen = 9, IRPrint = 0x0011
* JLink Info: JTAG chain detection found 2 devices:
* JLink Info:  #0 Id: 0x4BA00477, IRLen: 04, CoreSight JTAG-DP
* JLink Info:  #1 Id: 0x06414B47, IRLen: 05, Unknown device
* JLink Info: DPv0 detected
* JLink Info: Scanning AP map to find all available APs
* JLink Info: AP[1]: Stopped AP scan as end of AP map has been reached
* JLink Info: AP[0]: AHB-AP (IDR: 0x24770011)
* JLink Info: Iterating through AP map to find AHB-AP to use
* JLink Info: AP[0]: Core found
* JLink Info: AP[0]: AHB-AP ROM base: 0xE00FF000
* JLink Info: CPUID register: 0x412FC231. Implementer code: 0x41 (ARM)
* JLink Info: Found Cortex-M3 r2p1, Little endian.
* JLink Info: FPUnit: 6 code (BP) slots and 2 literal slots
* JLink Info: CoreSight components:
* JLink Info: ROMTbl[0] @ E00FF000
* JLink Info: [0][0]: E000E000 CID B105E00D PID 000BB000 SCS
* JLink Info: [0][1]: E0001000 CID B105E00D PID 003BB002 DWT
* JLink Info: [0][2]: E0002000 CID B105E00D PID 002BB003 FPB
* JLink Info: [0][3]: E0000000 CID B105E00D PID 003BB001 ITM
* JLink Info: [0][4]: E0040000 CID B105900D PID 003BB923 TPIU-Lite
* JLink Info: [0][5]: E0041000 CID B105900D PID 003BB924 ETM-M3
ROMTableAddr = 0xE00FF000
* JLink Info: Reset: Halt core after reset via DEMCR.VC_CORERESET.
* JLink Info: Reset: Reset device via AIRCR.SYSRESETREQ.

Target info:
------------
Device: APM32F103ZE
VTarget = 3.306V
State of Pins: TCK: 1, TDI: 0, TDO: 1, TMS: 0, TRES: 1, TRST: 1
Hardware-Breakpoints: 6
Software-Breakpoints: 8192
Watchpoints:          4
JTAG speed: 4966 kHz

Full Chip Erase Done.Programming Done.Verify OK.* JLink Info: Reset: Halt core after reset via DEMCR.VC_CORERESET.
* JLink Info: Reset: Reset device via AIRCR.SYSRESETREQ.
Application running ...
Flash Load finished at 13:46:47
